<?xml version="1.0" encoding="UTF-8"?>
<testsuite name="com.dangdangtrip.DangdangtripApplicationTests" tests="1" skipped="0" failures="0" errors="0" timestamp="2026-03-19T06:03:57.501Z" hostname="SeungHwanui-Macmini.local" time="0.258">
  <properties/>
  <testcase name="contextLoads()" classname="com.dangdangtrip.DangdangtripApplicationTests" time="0.258"/>
  <system-out><![CDATA[15:03:56.201 [Test worker] INFO org.springframework.test.context.support.AnnotationConfigContextLoaderUtils -- Could not detect default configuration classes for test class [com.dangdangtrip.DangdangtripApplicationTests]: DangdangtripApplicationTests does not declare any static, non-private, non-final, nested classes annotated with @Configuration.
15:03:56.240 [Test worker] INFO org.springframework.boot.test.context.SpringBootTestContextBootstrapper -- Found @SpringBootConfiguration com.dangdangtrip.DangdangtripApplication for test class com.dangdangtrip.DangdangtripApplicationTests

  .   ____          _            __ _ _
 /\\ / ___'_ __ _ _(_)_ __  __ _ \ \ \ \
( ( )\___ | '_ | '_| | '_ \/ _` | \ \ \ \
 \\/  ___)| |_)| | | | | || (_| |  ) ) ) )
  '  |____| .__|_| |_|_| |_\__, | / / / /
 =========|_|==============|___/=/_/_/_/

 :: Spring Boot ::               (v3.5.11)

2026-03-19T15:03:56.381+09:00  INFO 90313 --- [    Test worker] c.d.DangdangtripApplicationTests         : Starting DangdangtripApplicationTests using Java 17.0.15 with PID 90313 (started by hwani in /Users/hwani/dangdangtrip)
2026-03-19T15:03:56.381+09:00  INFO 90313 --- [    Test worker] c.d.DangdangtripApplicationTests         : The following 1 profile is active: "secret"
2026-03-19T15:03:56.611+09:00  INFO 90313 --- [    Test worker] .s.d.r.c.RepositoryConfigurationDelegate : Bootstrapping Spring Data JPA repositories in DEFAULT mode.
2026-03-19T15:03:56.622+09:00  INFO 90313 --- [    Test worker] .s.d.r.c.RepositoryConfigurationDelegate : Finished Spring Data repository scanning in 5 ms. Found 0 JPA repository interfaces.
2026-03-19T15:03:56.808+09:00  INFO 90313 --- [    Test worker] o.hibernate.jpa.internal.util.LogHelper  : HHH000204: Processing PersistenceUnitInfo [name: default]
2026-03-19T15:03:56.823+09:00  INFO 90313 --- [    Test worker] org.hibernate.Version                    : HHH000412: Hibernate ORM core version 6.6.42.Final
2026-03-19T15:03:56.832+09:00  INFO 90313 --- [    Test worker] o.h.c.internal.RegionFactoryInitiator    : HHH000026: Second-level cache disabled
2026-03-19T15:03:56.916+09:00  INFO 90313 --- [    Test worker] o.s.o.j.p.SpringPersistenceUnitInfo      : No LoadTimeWeaver setup: ignoring JPA class transformer
2026-03-19T15:03:56.925+09:00  INFO 90313 --- [    Test worker] com.zaxxer.hikari.HikariDataSource       : HikariPool-1 - Starting...
2026-03-19T15:03:57.053+09:00  INFO 90313 --- [    Test worker] com.zaxxer.hikari.pool.HikariPool        : HikariPool-1 - Added connection com.mysql.cj.jdbc.ConnectionImpl@4b22214d
2026-03-19T15:03:57.054+09:00  INFO 90313 --- [    Test worker] com.zaxxer.hikari.HikariDataSource       : HikariPool-1 - Start completed.
2026-03-19T15:03:57.087+09:00  INFO 90313 --- [    Test worker] org.hibernate.orm.connections.pooling    : HHH10001005: Database info:
	Database JDBC URL [Connecting through datasource 'HikariDataSource (HikariPool-1)']
	Database driver: undefined/unknown
	Database version: 9.6
	Autocommit mode: undefined/unknown
	Isolation level: undefined/unknown
	Minimum pool size: undefined/unknown
	Maximum pool size: undefined/unknown
2026-03-19T15:03:57.204+09:00  INFO 90313 --- [    Test worker] o.h.e.t.j.p.i.JtaPlatformInitiator       : HHH000489: No JTA platform available (set 'hibernate.transaction.jta.platform' to enable JTA platform integration)
2026-03-19T15:03:57.205+09:00  INFO 90313 --- [    Test worker] j.LocalContainerEntityManagerFactoryBean : Initialized JPA EntityManagerFactory for persistence unit 'default'
2026-03-19T15:03:57.356+09:00  WARN 90313 --- [    Test worker] JpaBaseConfiguration$JpaWebConfiguration : spring.jpa.open-in-view is enabled by default. Therefore, database queries may be performed during view rendering. Explicitly configure spring.jpa.open-in-view to disable this warning
2026-03-19T15:03:57.496+09:00  INFO 90313 --- [    Test worker] c.d.DangdangtripApplicationTests         : Started DangdangtripApplicationTests in 1.207 seconds (process running for 1.605)
]]></system-out>
  <system-err><![CDATA[]]></system-err>
</testsuite>
